Arguments: 
  C:\Program Files (x86)\nodejs\node.exe C:\Users\hp\AppData\Roaming\npm\node_modules\yarn\bin\yarn.js add axios-0.18.1

PATH: 
  C:\WINDOWS\system32;C:\WINDOWS;C:\WINDOWS\System32\Wbem;C:\WINDOWS\System32\WindowsPowerShell\v1.0\;C:\WINDOWS\System32\OpenSSH\;C:\Program Files (x86)\nodejs\;C:\Go\bin;C:\ProgramData\chocolatey\bin;C:\Program Files\Git\cmd;C:\Program Files\MongoDB\Server\4.2\bin;C:\Program Files\Genymobile\Genymotion\tools;%JAVA_HOME%\bin;C:\Program Files (x86)\Microsoft Emulator Manager\1.0\;C:\Users\hp\AppData\Local\Android\Sdk\platform-tools;C:\Users\hp\AppData\Local\Programs\Python\Python37\Scripts\;C:\Users\hp\AppData\Local\Programs\Python\Python37\;C:\Users\hp\AppData\Local\Programs\Python\Python37-32\Scripts\;C:\Users\hp\AppData\Local\Programs\Python\Python37-32\;C:\Users\hp\AppData\Local\Microsoft\WindowsApps;C:\Users\hp\AppData\Roaming\npm;C:\Users\hp\AppData\Local\Programs\Microsoft VS Code\bin;C:\Program Files\heroku\bin;C:\Users\hp\AppData\Local\Microsoft\WindowsApps;C:\Users\hp\go\bin;C:\Users\hp\.android\avd\Pixel_2_API_24.avd;C:\Users\hp\AppData\Local\Android\Sdk\platform-tools;

Yarn version: 
  1.16.0

Node version: 
  10.13.0

Platform: 
  win32 ia32

Trace: 
  Error: https://registry.yarnpkg.com/axios-0.18.1: Not found
      at Request.params.callback [as _callback] (C:\Users\hp\AppData\Roaming\npm\node_modules\yarn\lib\cli.js:66091:18)
      at Request.self.callback (C:\Users\hp\AppData\Roaming\npm\node_modules\yarn\lib\cli.js:129590:22)
      at Request.emit (events.js:182:13)
      at Request.<anonymous> (C:\Users\hp\AppData\Roaming\npm\node_modules\yarn\lib\cli.js:130562:10)
      at Request.emit (events.js:182:13)
      at IncomingMessage.<anonymous> (C:\Users\hp\AppData\Roaming\npm\node_modules\yarn\lib\cli.js:130484:12)
      at Object.onceWrapper (events.js:273:13)
      at IncomingMessage.emit (events.js:187:15)
      at endReadableNT (_stream_readable.js:1094:12)
      at process._tickCallback (internal/process/next_tick.js:63:19)

npm manifest: 
  {
    "name": "real-estate",
    "version": "1.0.0",
    "description": "Super Cool Framework",
    "main": "index.js",
    "author": "joe santos garcia",
    "license": "MIT",
    "homepage": "http://rocky.codingphase.com/",
    "dependencies": {
      "axios": "^0.16.1",
      "babel-core": "^6.24.1",
      "babel-loader": "^6.4.1",
      "babel-polyfill": "^6.0.16",
      "babel-preset-env": "^1.4.0",
      "babel-preset-es2015": "^6.24.1",
      "babel-preset-react": "^6.24.1",
      "babel-preset-stage-0": "^6.24.1",
      "browser-sync": "^2.18.8",
      "gulp": "^3.9.1",
      "gulp-autoprefixer": "^3.1.1",
      "gulp-babel": "^6.1.2",
      "gulp-concat": "^2.6.0",
      "gulp-eslint": "^3.0.1",
      "gulp-imagemin": "^3.0.3",
      "gulp-sass": "^3.0.0",
      "gulp-shell": "^0.6.3",
      "gulp-uglify": "^2.0.0",
      "gulp-watch": "^4.3.9",
      "html-webpack-plugin": "^2.28.0",
      "node-sass": "^4.5.2",
      "react": "^15.5.4",
      "react-dom": "^15.5.4",
      "react-redux": "^5.0.4",
      "react-router": "^4.1.1",
      "redux": "^3.6.0",
      "sass-loader": "^6.0.3",
      "standard": "^10.0.2",
      "webpack": "^2.5.1",
      "webpack-stream": "^3.2.0"
    },
    "scripts": {
      "bundle": "webpack",
      "production": "webpack -p",
      "watch": "gulp",
      "sass": "gulp styles",
      "js": "gulp webpack"
    },
    "devDependencies": {
      "babel-plugin-transform-class-properties": "^6.24.1",
      "babel-preset-stage-0": "^6.24.1"
    },
    "repository": {
      "type": "git",
      "url": "git+https://github.com/codingphasedotcom/Starter-Kit-2018.git"
    },
    "bugs": {
      "url": "https://github.com/codingphasedotcom/Starter-Kit-2018/issues"
    }
  }

yarn manifest: 
  No manifest

Lockfile: 
  No lockfile
